C:\USERS\ANDOR\DOCUMENTS\VISUAL STUDIO 2010\PROJECTS\DOTNETLABWCF\SENDINPUTTEST\DEBUG\INPUTSENDER.DLL
c:\users\andor\documents\visual studio 2010\Projects\dotnetlabwcf\SendInputTest\Debug\inputsender.exp
C:\USERS\ANDOR\DOCUMENTS\VISUAL STUDIO 2010\PROJECTS\DOTNETLABWCF\SENDINPUTTEST\DEBUG\INPUTSENDER.ILK
c:\users\andor\documents\visual studio 2010\Projects\dotnetlabwcf\SendInputTest\Debug\inputsender.lib
C:\USERS\ANDOR\DOCUMENTS\VISUAL STUDIO 2010\PROJECTS\DOTNETLABWCF\SENDINPUTTEST\DEBUG\INPUTSENDER.PDB
c:\Users\Andor\documents\visual studio 2010\Projects\dotnetlabwcf\SendInputTest\inputsender\Debug\cl.command.1.tlog
c:\Users\Andor\documents\visual studio 2010\Projects\dotnetlabwcf\SendInputTest\inputsender\Debug\CL.read.1.tlog
c:\Users\Andor\documents\visual studio 2010\Projects\dotnetlabwcf\SendInputTest\inputsender\Debug\CL.write.1.tlog
C:\USERS\ANDOR\DOCUMENTS\VISUAL STUDIO 2010\PROJECTS\DOTNETLABWCF\SENDINPUTTEST\INPUTSENDER\DEBUG\DLLMAIN.OBJ
C:\USERS\ANDOR\DOCUMENTS\VISUAL STUDIO 2010\PROJECTS\DOTNETLABWCF\SENDINPUTTEST\INPUTSENDER\DEBUG\EVENTSENDER.OBJ
C:\USERS\ANDOR\DOCUMENTS\VISUAL STUDIO 2010\PROJECTS\DOTNETLABWCF\SENDINPUTTEST\INPUTSENDER\DEBUG\INPUTSENDER.DLL.EMBED.MANIFEST
C:\USERS\ANDOR\DOCUMENTS\VISUAL STUDIO 2010\PROJECTS\DOTNETLABWCF\SENDINPUTTEST\INPUTSENDER\DEBUG\INPUTSENDER.DLL.EMBED.MANIFEST.RES
C:\USERS\ANDOR\DOCUMENTS\VISUAL STUDIO 2010\PROJECTS\DOTNETLABWCF\SENDINPUTTEST\INPUTSENDER\DEBUG\INPUTSENDER.DLL.INTERMEDIATE.MANIFEST
C:\USERS\ANDOR\DOCUMENTS\VISUAL STUDIO 2010\PROJECTS\DOTNETLABWCF\SENDINPUTTEST\INPUTSENDER\DEBUG\INPUTSENDER.OBJ
C:\USERS\ANDOR\DOCUMENTS\VISUAL STUDIO 2010\PROJECTS\DOTNETLABWCF\SENDINPUTTEST\INPUTSENDER\DEBUG\INPUTSENDER.PCH
c:\Users\Andor\documents\visual studio 2010\Projects\dotnetlabwcf\SendInputTest\inputsender\Debug\inputsender.write.1.tlog
c:\Users\Andor\documents\visual studio 2010\Projects\dotnetlabwcf\SendInputTest\inputsender\Debug\inputsender_manifest.rc
c:\Users\Andor\documents\visual studio 2010\Projects\dotnetlabwcf\SendInputTest\inputsender\Debug\link.2644.read.1.tlog
c:\Users\Andor\documents\visual studio 2010\Projects\dotnetlabwcf\SendInputTest\inputsender\Debug\link.2644.write.1.tlog
c:\Users\Andor\documents\visual studio 2010\Projects\dotnetlabwcf\SendInputTest\inputsender\Debug\link.2644-cvtres.read.1.tlog
c:\Users\Andor\documents\visual studio 2010\Projects\dotnetlabwcf\SendInputTest\inputsender\Debug\link.2644-cvtres.write.1.tlog
c:\Users\Andor\documents\visual studio 2010\Projects\dotnetlabwcf\SendInputTest\inputsender\Debug\link.command.1.tlog
c:\Users\Andor\documents\visual studio 2010\Projects\dotnetlabwcf\SendInputTest\inputsender\Debug\link.read.1.tlog
c:\Users\Andor\documents\visual studio 2010\Projects\dotnetlabwcf\SendInputTest\inputsender\Debug\link.write.1.tlog
c:\Users\Andor\documents\visual studio 2010\Projects\dotnetlabwcf\SendInputTest\inputsender\Debug\link-cvtres.read.1.tlog
c:\Users\Andor\documents\visual studio 2010\Projects\dotnetlabwcf\SendInputTest\inputsender\Debug\link-cvtres.write.1.tlog
c:\Users\Andor\documents\visual studio 2010\Projects\dotnetlabwcf\SendInputTest\inputsender\Debug\mt.command.1.tlog
c:\Users\Andor\documents\visual studio 2010\Projects\dotnetlabwcf\SendInputTest\inputsender\Debug\mt.read.1.tlog
c:\Users\Andor\documents\visual studio 2010\Projects\dotnetlabwcf\SendInputTest\inputsender\Debug\mt.write.1.tlog
c:\Users\Andor\documents\visual studio 2010\Projects\dotnetlabwcf\SendInputTest\inputsender\Debug\rc.command.1.tlog
c:\Users\Andor\documents\visual studio 2010\Projects\dotnetlabwcf\SendInputTest\inputsender\Debug\rc.read.1.tlog
c:\Users\Andor\documents\visual studio 2010\Projects\dotnetlabwcf\SendInputTest\inputsender\Debug\rc.write.1.tlog
C:\USERS\ANDOR\DOCUMENTS\VISUAL STUDIO 2010\PROJECTS\DOTNETLABWCF\SENDINPUTTEST\INPUTSENDER\DEBUG\STDAFX.OBJ
c:\Users\Andor\documents\visual studio 2010\Projects\dotnetlabwcf\SendInputTest\inputsender\Debug\vc100.idb
C:\USERS\ANDOR\DOCUMENTS\VISUAL STUDIO 2010\PROJECTS\DOTNETLABWCF\SENDINPUTTEST\INPUTSENDER\DEBUG\VC100.PDB
