Build started 10/24/2011 10:29:11 PM.
     1>Project "c:\Users\Andor\documents\visual studio 2010\Projects\dotnetlabwcf\SendInputTest\inputsender\inputsender.vcxproj" on node 2 (build target(s)).
     1>InitializeBuildStatus:
         Creating "Debug\inputsender.unsuccessfulbuild" because "AlwaysCreate" was specified.
       ClCompile:
         c:\Program Files (x86)\Microsoft Visual Studio 10.0\VC\bin\CL.exe /c /ZI /nologo /W3 /WX- /Od /Oy- /D WIN32 /D _DEBUG /D _WINDOWS /D _USRDLL /D INPUTSENDER_EXPORTS /D _WINDLL /D _UNICODE /D UNICODE /Gm /EHsc /RTC1 /MDd /GS /fp:precise /Zc:wchar_t /Zc:forScope /Yc"StdAfx.h" /Fp"Debug\inputsender.pch" /Fo"Debug\\" /Fd"Debug\vc100.pdb" /Gd /TP /analyze- /errorReport:prompt stdafx.cpp
         stdafx.cpp
         c:\Program Files (x86)\Microsoft Visual Studio 10.0\VC\bin\CL.exe /c /ZI /nologo /W3 /WX- /Od /Oy- /D WIN32 /D _DEBUG /D _WINDOWS /D _USRDLL /D INPUTSENDER_EXPORTS /D _WINDLL /D _UNICODE /D UNICODE /Gm /EHsc /RTC1 /MDd /GS /fp:precise /Zc:wchar_t /Zc:forScope /Fo"Debug\\" /Fd"Debug\vc100.pdb" /Gd /TP /analyze- /errorReport:prompt dllmain.cpp
         dllmain.cpp
         c:\Program Files (x86)\Microsoft Visual Studio 10.0\VC\bin\CL.exe /c /ZI /nologo /W3 /WX- /Od /Oy- /D WIN32 /D _DEBUG /D _WINDOWS /D _USRDLL /D INPUTSENDER_EXPORTS /D _WINDLL /D _UNICODE /D UNICODE /Gm /EHsc /RTC1 /MDd /GS /fp:precise /Zc:wchar_t /Zc:forScope /Yu"StdAfx.h" /Fp"Debug\inputsender.pch" /Fo"Debug\\" /Fd"Debug\vc100.pdb" /Gd /TP /analyze- /errorReport:prompt EventSender.cpp inputsender.cpp
         inputsender.cpp
         EventSender.cpp
         Generating Code...
       ManifestResourceCompile:
         C:\Program Files (x86)\Microsoft SDKs\Windows\v7.0A\bin\rc.exe /nologo /fo"Debug\inputsender.dll.embed.manifest.res" Debug\inputsender_manifest.rc 
       Link:
         c:\Program Files (x86)\Microsoft Visual Studio 10.0\VC\bin\link.exe /ERRORREPORT:PROMPT /OUT:"c:\users\andor\documents\visual studio 2010\Projects\dotnetlabwcf\SendInputTest\Debug\inputsender.dll" /INCREMENTAL /NOLOGO kernel32.lib user32.lib gdi32.lib winspool.lib comdlg32.lib advapi32.lib shell32.lib ole32.lib oleaut32.lib uuid.lib odbc32.lib odbccp32.lib /MANIFEST /ManifestFile:"Debug\inputsender.dll.intermediate.manifest" /MANIFESTUAC:"level='asInvoker' uiAccess='false'" /DEBUG /PDB:"c:\users\andor\documents\visual studio 2010\Projects\dotnetlabwcf\SendInputTest\Debug\inputsender.pdb" /SUBSYSTEM:WINDOWS /TLBID:1 /DYNAMICBASE /NXCOMPAT /IMPLIB:"c:\users\andor\documents\visual studio 2010\Projects\dotnetlabwcf\SendInputTest\Debug\inputsender.lib" /MACHINE:X86 /DLL Debug\inputsender.dll.embed.manifest.res
         Debug\dllmain.obj
         Debug\EventSender.obj
         Debug\inputsender.obj
         Debug\stdafx.obj
            Creating library c:\users\andor\documents\visual studio 2010\Projects\dotnetlabwcf\SendInputTest\Debug\inputsender.lib and object c:\users\andor\documents\visual studio 2010\Projects\dotnetlabwcf\SendInputTest\Debug\inputsender.exp
       Manifest:
         C:\Program Files (x86)\Microsoft SDKs\Windows\v7.0A\bin\mt.exe /nologo /verbose /out:"Debug\inputsender.dll.embed.manifest" /manifest Debug\inputsender.dll.intermediate.manifest
         C:\Program Files (x86)\Microsoft SDKs\Windows\v7.0A\bin\rc.exe /nologo /fo"Debug\inputsender.dll.embed.manifest.res" Debug\inputsender_manifest.rc 
       LinkEmbedManifest:
         c:\Program Files (x86)\Microsoft Visual Studio 10.0\VC\bin\link.exe /ERRORREPORT:PROMPT /OUT:"c:\users\andor\documents\visual studio 2010\Projects\dotnetlabwcf\SendInputTest\Debug\inputsender.dll" /INCREMENTAL /NOLOGO kernel32.lib user32.lib gdi32.lib winspool.lib comdlg32.lib advapi32.lib shell32.lib ole32.lib oleaut32.lib uuid.lib odbc32.lib odbccp32.lib /MANIFEST /ManifestFile:"Debug\inputsender.dll.intermediate.manifest" /MANIFESTUAC:"level='asInvoker' uiAccess='false'" /DEBUG /PDB:"c:\users\andor\documents\visual studio 2010\Projects\dotnetlabwcf\SendInputTest\Debug\inputsender.pdb" /SUBSYSTEM:WINDOWS /TLBID:1 /DYNAMICBASE /NXCOMPAT /IMPLIB:"c:\users\andor\documents\visual studio 2010\Projects\dotnetlabwcf\SendInputTest\Debug\inputsender.lib" /MACHINE:X86 /DLL Debug\inputsender.dll.embed.manifest.res
         Debug\dllmain.obj
         Debug\EventSender.obj
         Debug\inputsender.obj
         Debug\stdafx.obj
            Creating library c:\users\andor\documents\visual studio 2010\Projects\dotnetlabwcf\SendInputTest\Debug\inputsender.lib and object c:\users\andor\documents\visual studio 2010\Projects\dotnetlabwcf\SendInputTest\Debug\inputsender.exp
         inputsender.vcxproj -> c:\users\andor\documents\visual studio 2010\Projects\dotnetlabwcf\SendInputTest\Debug\inputsender.dll
       FinalizeBuildStatus:
         Deleting file "Debug\inputsender.unsuccessfulbuild".
         Touching "Debug\inputsender.lastbuildstate".
     1>Done Building Project "c:\Users\Andor\documents\visual studio 2010\Projects\dotnetlabwcf\SendInputTest\inputsender\inputsender.vcxproj" (build target(s)).

Build succeeded.

Time Elapsed 00:00:05.40
