Build started 10/24/2011 10:40:12 PM.
     1>Project "c:\Users\Andor\documents\visual studio 2010\Projects\dotnetlabwcf\SendInputTest\inputsender\inputsender.vcxproj" on node 2 (build target(s)).
     1>InitializeBuildStatus:
         Touching "Release\inputsender.unsuccessfulbuild".
       ClCompile:
         All outputs are up-to-date.
         All outputs are up-to-date.
         c:\Program Files (x86)\Microsoft Visual Studio 10.0\VC\bin\CL.exe /c /Zi /nologo /W3 /WX- /O2 /Oi /Oy- /GL /D WIN32 /D NDEBUG /D _WINDOWS /D _USRDLL /D INPUTSENDER_EXPORTS /D _WINDLL /D _UNICODE /D UNICODE /Gm- /EHsc /MD /GS /Gy /fp:precise /Zc:wchar_t /Zc:forScope /Yu"StdAfx.h" /Fp"Release\inputsender.pch" /Fo"Release\\" /Fd"Release\vc100.pdb" /Gd /TP /analyze- /errorReport:prompt EventSender.cpp
         EventSender.cpp
       Link:
         c:\Program Files (x86)\Microsoft Visual Studio 10.0\VC\bin\link.exe /ERRORREPORT:PROMPT /OUT:"c:\users\andor\documents\visual studio 2010\Projects\dotnetlabwcf\SendInputTest\Release\inputsender.dll" /INCREMENTAL:NO /NOLOGO kernel32.lib user32.lib gdi32.lib winspool.lib comdlg32.lib advapi32.lib shell32.lib ole32.lib oleaut32.lib uuid.lib odbc32.lib odbccp32.lib /MANIFEST /ManifestFile:"Release\inputsender.dll.intermediate.manifest" /MANIFESTUAC:"level='asInvoker' uiAccess='false'" /DEBUG /PDB:"c:\users\andor\documents\visual studio 2010\Projects\dotnetlabwcf\SendInputTest\Release\inputsender.pdb" /SUBSYSTEM:WINDOWS /OPT:REF /OPT:ICF /LTCG /TLBID:1 /DYNAMICBASE /NXCOMPAT /IMPLIB:"c:\users\andor\documents\visual studio 2010\Projects\dotnetlabwcf\SendInputTest\Release\inputsender.lib" /MACHINE:X86 /DLL Release\dllmain.obj
         Release\EventSender.obj
         Release\inputsender.obj
         Release\stdafx.obj
            Creating library c:\users\andor\documents\visual studio 2010\Projects\dotnetlabwcf\SendInputTest\Release\inputsender.lib and object c:\users\andor\documents\visual studio 2010\Projects\dotnetlabwcf\SendInputTest\Release\inputsender.exp
         Generating code
         Finished generating code
         inputsender.vcxproj -> c:\users\andor\documents\visual studio 2010\Projects\dotnetlabwcf\SendInputTest\Release\inputsender.dll
       Manifest:
         C:\Program Files (x86)\Microsoft SDKs\Windows\v7.0A\bin\mt.exe /nologo /verbose /outputresource:"c:\users\andor\documents\visual studio 2010\Projects\dotnetlabwcf\SendInputTest\Release\inputsender.dll;#2" /manifest Release\inputsender.dll.intermediate.manifest
       FinalizeBuildStatus:
         Deleting file "Release\inputsender.unsuccessfulbuild".
         Touching "Release\inputsender.lastbuildstate".
     1>Done Building Project "c:\Users\Andor\documents\visual studio 2010\Projects\dotnetlabwcf\SendInputTest\inputsender\inputsender.vcxproj" (build target(s)).

Build succeeded.

Time Elapsed 00:00:02.46
