c:\Users\Andor\documents\visual studio 2010\Projects\dotnetlabwcf\SendInputTest\inputsender\x64\Release\cl.command.1.tlog
c:\Users\Andor\documents\visual studio 2010\Projects\dotnetlabwcf\SendInputTest\inputsender\x64\Release\CL.read.1.tlog
c:\Users\Andor\documents\visual studio 2010\Projects\dotnetlabwcf\SendInputTest\inputsender\x64\Release\CL.write.1.tlog
C:\USERS\ANDOR\DOCUMENTS\VISUAL STUDIO 2010\PROJECTS\DOTNETLABWCF\SENDINPUTTEST\INPUTSENDER\X64\RELEASE\DLLMAIN.OBJ
C:\USERS\ANDOR\DOCUMENTS\VISUAL STUDIO 2010\PROJECTS\DOTNETLABWCF\SENDINPUTTEST\INPUTSENDER\X64\RELEASE\EVENTSENDER.OBJ
C:\USERS\ANDOR\DOCUMENTS\VISUAL STUDIO 2010\PROJECTS\DOTNETLABWCF\SENDINPUTTEST\INPUTSENDER\X64\RELEASE\INPUTSENDER.DLL.INTERMEDIATE.MANIFEST
C:\USERS\ANDOR\DOCUMENTS\VISUAL STUDIO 2010\PROJECTS\DOTNETLABWCF\SENDINPUTTEST\INPUTSENDER\X64\RELEASE\INPUTSENDER.OBJ
C:\USERS\ANDOR\DOCUMENTS\VISUAL STUDIO 2010\PROJECTS\DOTNETLABWCF\SENDINPUTTEST\INPUTSENDER\X64\RELEASE\INPUTSENDER.PCH
c:\Users\Andor\documents\visual studio 2010\Projects\dotnetlabwcf\SendInputTest\inputsender\x64\Release\inputsender.write.1.tlog
c:\Users\Andor\documents\visual studio 2010\Projects\dotnetlabwcf\SendInputTest\inputsender\x64\Release\link.command.1.tlog
c:\Users\Andor\documents\visual studio 2010\Projects\dotnetlabwcf\SendInputTest\inputsender\x64\Release\link.read.1.tlog
c:\Users\Andor\documents\visual studio 2010\Projects\dotnetlabwcf\SendInputTest\inputsender\x64\Release\link.write.1.tlog
c:\Users\Andor\documents\visual studio 2010\Projects\dotnetlabwcf\SendInputTest\inputsender\x64\Release\mt.command.1.tlog
c:\Users\Andor\documents\visual studio 2010\Projects\dotnetlabwcf\SendInputTest\inputsender\x64\Release\mt.read.1.tlog
c:\Users\Andor\documents\visual studio 2010\Projects\dotnetlabwcf\SendInputTest\inputsender\x64\Release\mt.write.1.tlog
C:\USERS\ANDOR\DOCUMENTS\VISUAL STUDIO 2010\PROJECTS\DOTNETLABWCF\SENDINPUTTEST\INPUTSENDER\X64\RELEASE\STDAFX.OBJ
C:\USERS\ANDOR\DOCUMENTS\VISUAL STUDIO 2010\PROJECTS\DOTNETLABWCF\SENDINPUTTEST\INPUTSENDER\X64\RELEASE\VC100.PDB
C:\USERS\ANDOR\DOCUMENTS\VISUAL STUDIO 2010\PROJECTS\DOTNETLABWCF\SENDINPUTTEST\X64\RELEASE\INPUTSENDER.DLL
c:\users\andor\documents\visual studio 2010\Projects\dotnetlabwcf\SendInputTest\x64\Release\inputsender.exp
c:\users\andor\documents\visual studio 2010\Projects\dotnetlabwcf\SendInputTest\x64\Release\inputsender.lib
C:\USERS\ANDOR\DOCUMENTS\VISUAL STUDIO 2010\PROJECTS\DOTNETLABWCF\SENDINPUTTEST\X64\RELEASE\INPUTSENDER.PDB
