Build started 10/25/2011 9:55:55 AM.
     1>Project "c:\Users\Andor\documents\visual studio 2010\Projects\dotnetlabwcf\SendInputTest\inputsender\inputsender.vcxproj" on node 2 (build target(s)).
     1>InitializeBuildStatus:
         Creating "x64\Release\inputsender.unsuccessfulbuild" because "AlwaysCreate" was specified.
       ClCompile:
         All outputs are up-to-date.
         All outputs are up-to-date.
         c:\Program Files (x86)\Microsoft Visual Studio 10.0\VC\bin\x86_amd64\CL.exe /c /Zi /nologo /W3 /WX- /O2 /Oi /GL /D WIN32 /D NDEBUG /D _WINDOWS /D _USRDLL /D INPUTSENDER_EXPORTS /D _WINDLL /D _UNICODE /D UNICODE /Gm- /EHsc /MD /GS /Gy /fp:precise /Zc:wchar_t /Zc:forScope /Yu"StdAfx.h" /Fp"x64\Release\inputsender.pch" /Fo"x64\Release\\" /Fd"x64\Release\vc100.pdb" /Gd /TP /errorReport:prompt EventSender.cpp
         EventSender.cpp
     1>EventSender.cpp(64): warning C4244: '=' : conversion from 'jint' to 'WORD', possible loss of data
     1>EventSender.cpp(74): warning C4244: '=' : conversion from 'jint' to 'WORD', possible loss of data
       Link:
         c:\Program Files (x86)\Microsoft Visual Studio 10.0\VC\bin\x86_amd64\link.exe /ERRORREPORT:PROMPT /OUT:"c:\users\andor\documents\visual studio 2010\Projects\dotnetlabwcf\SendInputTest\x64\Release\inputsender.dll" /INCREMENTAL:NO /NOLOGO kernel32.lib user32.lib gdi32.lib winspool.lib comdlg32.lib advapi32.lib shell32.lib ole32.lib oleaut32.lib uuid.lib odbc32.lib odbccp32.lib /MANIFEST /ManifestFile:"x64\Release\inputsender.dll.intermediate.manifest" /MANIFESTUAC:"level='asInvoker' uiAccess='false'" /DEBUG /PDB:"c:\users\andor\documents\visual studio 2010\Projects\dotnetlabwcf\SendInputTest\x64\Release\inputsender.pdb" /SUBSYSTEM:WINDOWS /OPT:REF /OPT:ICF /LTCG /TLBID:1 /DYNAMICBASE /NXCOMPAT /IMPLIB:"c:\users\andor\documents\visual studio 2010\Projects\dotnetlabwcf\SendInputTest\x64\Release\inputsender.lib" /MACHINE:X64 /DLL x64\Release\dllmain.obj
         x64\Release\EventSender.obj
         x64\Release\inputsender.obj
         x64\Release\stdafx.obj
            Creating library c:\users\andor\documents\visual studio 2010\Projects\dotnetlabwcf\SendInputTest\x64\Release\inputsender.lib and object c:\users\andor\documents\visual studio 2010\Projects\dotnetlabwcf\SendInputTest\x64\Release\inputsender.exp
         Generating code
         Finished generating code
         inputsender.vcxproj -> c:\users\andor\documents\visual studio 2010\Projects\dotnetlabwcf\SendInputTest\x64\Release\inputsender.dll
       Manifest:
         C:\Program Files (x86)\Microsoft SDKs\Windows\v7.0A\bin\mt.exe /nologo /verbose /outputresource:"c:\users\andor\documents\visual studio 2010\Projects\dotnetlabwcf\SendInputTest\x64\Release\inputsender.dll;#2" /manifest x64\Release\inputsender.dll.intermediate.manifest
       FinalizeBuildStatus:
         Deleting file "x64\Release\inputsender.unsuccessfulbuild".
         Touching "x64\Release\inputsender.lastbuildstate".
     1>Done Building Project "c:\Users\Andor\documents\visual studio 2010\Projects\dotnetlabwcf\SendInputTest\inputsender\inputsender.vcxproj" (build target(s)).

Build succeeded.

Time Elapsed 00:00:02.07
